<?xml version="1.0" encoding="UTF-8"?>
<testsuite name="longestCommonPrefix.LongestCommonPrefixKtTest" tests="1" skipped="0" failures="0" errors="0" timestamp="2021-12-01T11:15:00" hostname="SC-MCJ70" time="0.011">
  <properties/>
  <testcase name="isLongestCommonPrefix" classname="longestCommonPrefix.LongestCommonPrefixKtTest" time="0.011"/>
  <system-out><![CDATA[carflowflightracecar]]></system-out>
  <system-err><![CDATA[]]></system-err>
</testsuite>
